<?xml version="1.0" encoding="UTF-8"?>
<!-- Generated by org.testng.reporters.JUnitReportReporter -->
<testsuite skipped="0" hostname="HDC2-D-BJT4T72" name="testmeapp.tests.OnlineShoppingTest" tests="4" failures="0" timestamp="28 Oct 2019 11:09:21 GMT" time="167.148" errors="0">
  <testcase name="testRegistration" time="40.766" classname="testmeapp.tests.OnlineShoppingTest"/>
  <testcase name="testLogin" time="32.083" classname="testmeapp.tests.OnlineShoppingTest"/>
  <testcase name="testCart" time="40.982" classname="testmeapp.tests.OnlineShoppingTest"/>
  <testcase name="testPayment" time="53.317" classname="testmeapp.tests.OnlineShoppingTest"/>
</testsuite> <!-- testmeapp.tests.OnlineShoppingTest -->
